2020-02-03 11:42:51 [DEBUG] [Inicio sesion] [ ] [ ] 
2020-02-03 11:42:59 [INFO] [Checksums iguales. No se descargará el archivo] [Class: launcher.UrlReader] [ ] 
2020-02-03 11:42:59 [INFO] [Checksums iguales. No se descargará el archivo] [Class: launcher.UrlReader] [ ] 
2020-02-03 11:42:59 [INFO] [Checksums iguales. No se descargará el archivo] [Class: launcher.UrlReader] [ ] 
2020-02-03 11:43:00 [FATAL] [Error] [ ] [java.lang.Exception: Error al insertar datos en BD] javax.persistence.OptimisticLockException: Row was updated or deleted by another transaction (or unsaved-value mapping was incorrect) : [entity.Usuario#1]
2020-02-03 11:43:00 [INFO] [Fin sesion] [ ] [ ] 
2020-02-03 11:43:27 [DEBUG] [Inicio sesion] [ ] [ ] 
2020-02-03 11:43:29 [INFO] [No se ha encontrado fichero para cachear. Se descargará el fichero] [Class: launcher.UrlReader] [java.io.FileNotFoundException: El fichero files\xml\campings_de_euskadi.xml no existe] 
2020-02-03 11:43:30 [INFO] [No se ha encontrado fichero para cachear. Se descargará el fichero] [Class: launcher.UrlReader] [java.io.FileNotFoundException: El fichero files\xml\albergues_de_euskadi.xml no existe] 
2020-02-03 11:43:30 [INFO] [No se ha encontrado fichero para cachear. Se descargará el fichero] [Class: launcher.UrlReader] [java.io.FileNotFoundException: El fichero files\xml\alojamientos_rurales_euskadi.xml no existe] 
2020-02-03 11:43:31 [FATAL] [Error] [ ] [java.lang.Exception: Error al insertar datos en BD] javax.persistence.OptimisticLockException: Row was updated or deleted by another transaction (or unsaved-value mapping was incorrect) : [entity.Usuario#1]
2020-02-03 11:43:31 [INFO] [Fin sesion] [ ] [ ] 
2020-02-03 12:21:04 [DEBUG] [Inicio sesion] [ ] [ ] 
2020-02-03 12:21:07 [INFO] [Checksums iguales. No se descargará el archivo] [Class: launcher.UrlReader] [ ] 
2020-02-03 12:21:07 [INFO] [Checksums iguales. No se descargará el archivo] [Class: launcher.UrlReader] [ ] 
2020-02-03 12:21:07 [INFO] [Checksums iguales. No se descargará el archivo] [Class: launcher.UrlReader] [ ] 
2020-02-03 12:21:08 [FATAL] [Error] [ ] [java.lang.Exception: Error al insertar datos en BD] javax.persistence.OptimisticLockException: Row was updated or deleted by another transaction (or unsaved-value mapping was incorrect) : [entity.Usuario#1]
2020-02-03 12:21:08 [INFO] [Fin sesion] [ ] [ ] 
2020-02-03 12:22:23 [DEBUG] [Inicio sesion] [ ] [ ] 
2020-02-03 12:22:26 [INFO] [No se ha encontrado fichero para cachear. Se descargará el fichero] [Class: launcher.UrlReader] [java.io.FileNotFoundException: El fichero files\xml\campings_de_euskadi.xml no existe] 
2020-02-03 12:22:26 [INFO] [No se ha encontrado fichero para cachear. Se descargará el fichero] [Class: launcher.UrlReader] [java.io.FileNotFoundException: El fichero files\xml\albergues_de_euskadi.xml no existe] 
2020-02-03 12:22:27 [INFO] [No se ha encontrado fichero para cachear. Se descargará el fichero] [Class: launcher.UrlReader] [java.io.FileNotFoundException: El fichero files\xml\alojamientos_rurales_euskadi.xml no existe] 
2020-02-03 12:22:27 [FATAL] [Error] [ ] [java.lang.Exception: Error al insertar datos en BD] javax.persistence.OptimisticLockException: Row was updated or deleted by another transaction (or unsaved-value mapping was incorrect) : [entity.Usuario#1]
2020-02-03 12:22:27 [INFO] [Fin sesion] [ ] [ ] 
2020-02-03 12:23:52 [DEBUG] [Inicio sesion] [ ] [ ] 
2020-02-03 12:23:55 [INFO] [Checksums iguales. No se descargará el archivo] [Class: launcher.UrlReader] [ ] 
2020-02-03 12:23:55 [INFO] [Checksums iguales. No se descargará el archivo] [Class: launcher.UrlReader] [ ] 
2020-02-03 12:23:55 [INFO] [Checksums iguales. No se descargará el archivo] [Class: launcher.UrlReader] [ ] 
2020-02-03 12:23:55 [INFO] [Fin sesion] [ ] [ ] 
2020-02-03 12:24:41 [DEBUG] [Inicio sesion] [ ] [ ] 
2020-02-03 12:24:43 [INFO] [No se ha encontrado fichero para cachear. Se descargará el fichero] [Class: launcher.UrlReader] [java.io.FileNotFoundException: El fichero files\xml\campings_de_euskadi.xml no existe] 
2020-02-03 12:24:44 [INFO] [No se ha encontrado fichero para cachear. Se descargará el fichero] [Class: launcher.UrlReader] [java.io.FileNotFoundException: El fichero files\xml\albergues_de_euskadi.xml no existe] 
2020-02-03 12:24:44 [INFO] [No se ha encontrado fichero para cachear. Se descargará el fichero] [Class: launcher.UrlReader] [java.io.FileNotFoundException: El fichero files\xml\alojamientos_rurales_euskadi.xml no existe] 
2020-02-03 12:24:45 [INFO] [Fin sesion] [ ] [ ] 
2020-02-03 12:25:47 [DEBUG] [Inicio sesion] [ ] [ ] 
2020-02-03 12:25:49 [INFO] [No se ha encontrado fichero para cachear. Se descargará el fichero] [Class: launcher.UrlReader] [java.io.FileNotFoundException: El fichero files\xml\campings_de_euskadi.xml no existe] 
2020-02-03 12:25:50 [INFO] [No se ha encontrado fichero para cachear. Se descargará el fichero] [Class: launcher.UrlReader] [java.io.FileNotFoundException: El fichero files\xml\albergues_de_euskadi.xml no existe] 
2020-02-03 12:25:50 [INFO] [No se ha encontrado fichero para cachear. Se descargará el fichero] [Class: launcher.UrlReader] [java.io.FileNotFoundException: El fichero files\xml\alojamientos_rurales_euskadi.xml no existe] 
2020-02-03 12:25:51 [INFO] [Fin sesion] [ ] [ ] 
