[2020-01-20 13:10:55]DEBUG Inicio sesion
[2020-01-20 13:10:55]INFO[Class: util.file.GestorFicherosXML] El fichero no existe, se creará uno nuevo
[2020-01-20 13:10:55]INFO[Class: util.file.GestorFicherosXML] Fichero creado con éxito
[2020-01-20 13:10:55]INFO[Class: util.file.GestorFicherosXML] El fichero no existe, se creará uno nuevo
[2020-01-20 13:10:55]INFO[Class: util.file.GestorFicherosXML] Fichero creado con éxito
[2020-01-20 13:10:55]ERROR[Class: util.file.GestorFicherosXML][Exception: SAXParseException] Error al parsear el fichero
[2020-01-20 13:10:55]INFO[Class: util.file.GestorFicherosXML] El fichero no existe, se creará uno nuevo
[2020-01-20 13:10:55]INFO[Class: util.file.GestorFicherosXML] Fichero creado con éxito
[2020-01-20 13:10:56]ERROR[Class: util.file.GestorFicherosXML][Exception: SAXParseException] Error al parsear el fichero
[2020-01-20 13:10:56]INFO[Class: util.file.GestorFicherosXML] El fichero no existe, se creará uno nuevo
[2020-01-20 13:10:56]INFO[Class: util.file.GestorFicherosXML] Fichero creado con éxito
[2020-01-20 13:10:56]ERROR[Class: util.file.GestorFicherosXML][Exception: SAXParseException] Error al parsear el fichero
[2020-01-20 13:10:56]INFO[Class: util.file.GestorFicherosJSON] El fichero no existe, se creará uno nuevo
[2020-01-20 13:10:56]INFO[Class: util.file.GestorFicherosJSON] Fichero creado con éxito
[2020-01-20 13:11:45]DEBUG Inicio sesion
[2020-01-20 13:12:10]DEBUG Inicio sesion
[2020-01-20 13:12:10]INFO[Class: util.file.GestorFicherosXML] El fichero no existe, se creará uno nuevo
[2020-01-20 13:12:10]INFO[Class: util.file.GestorFicherosXML] Fichero creado con éxito
[2020-01-20 13:12:53]DEBUG Inicio sesion
[2020-01-20 13:12:53]INFO[Class: util.file.GestorFicherosXML] El fichero no existe, se creará uno nuevo
[2020-01-20 13:12:53]INFO[Class: util.file.GestorFicherosXML] Fichero creado con éxito
[2020-01-20 13:19:47]DEBUG Inicio sesion
[2020-01-20 13:19:48]INFO[Class: launcher.DataGetter] Checksums diferentes. Se descargará el archivo
[2020-01-20 13:19:48]WARNING[Class: util.file.GestorFicherosXML][Exception: NullPointerException] Tag tourismemail no encontrado
[2020-01-20 13:19:48]WARNING[Class: util.file.GestorFicherosXML][Exception: NullPointerException] Tag web no encontrado
[2020-01-20 13:19:48]WARNING[Class: util.file.GestorFicherosXML][Exception: NullPointerException] Tag tourismemail no encontrado
[2020-01-20 13:19:48]WARNING[Class: util.file.GestorFicherosXML][Exception: NullPointerException] Tag tourismemail no encontrado
[2020-01-20 13:19:48]WARNING[Class: util.file.GestorFicherosXML][Exception: NullPointerException] Tag web no encontrado
[2020-01-20 13:19:48]WARNING[Class: util.file.GestorFicherosXML][Exception: NullPointerException] Tag web no encontrado
[2020-01-20 13:19:48]WARNING[Class: util.file.GestorFicherosXML][Exception: NullPointerException] Tag latwgs84 no encontrado
[2020-01-20 13:19:48]WARNING[Class: util.file.GestorFicherosXML][Exception: NullPointerException] Tag lonwgs84 no encontrado
[2020-01-20 13:19:48]WARNING[Class: util.file.GestorFicherosXML][Exception: NullPointerException] Tag web no encontrado
[2020-01-20 13:19:48]WARNING[Class: util.file.GestorFicherosXML][Exception: NullPointerException] Tag web no encontrado
[2020-01-20 13:19:48]WARNING[Class: util.file.GestorFicherosXML][Exception: NullPointerException] Tag web no encontrado
[2020-01-20 13:19:48]WARNING[Class: util.file.GestorFicherosXML][Exception: NullPointerException] Tag web no encontrado
[2020-01-20 13:19:48]WARNING[Class: util.file.GestorFicherosXML][Exception: NullPointerException] Tag phone no encontrado
[2020-01-20 13:19:48]WARNING[Class: util.file.GestorFicherosXML][Exception: NullPointerException] Tag web no encontrado
[2020-01-20 13:19:48]WARNING[Class: util.file.GestorFicherosXML][Exception: NullPointerException] Tag web no encontrado
[2020-01-20 13:19:48]WARNING[Class: util.file.GestorFicherosXML][Exception: NullPointerException] Tag web no encontrado
[2020-01-20 13:19:48]WARNING[Class: util.file.GestorFicherosXML][Exception: NullPointerException] Tag web no encontrado
[2020-01-20 13:19:48]WARNING[Class: util.file.GestorFicherosXML][Exception: NullPointerException] Tag phone no encontrado
[2020-01-20 13:19:48]WARNING[Class: util.file.GestorFicherosXML][Exception: NullPointerException] Tag web no encontrado
[2020-01-20 13:19:48]WARNING[Class: util.file.GestorFicherosXML][Exception: NullPointerException] Tag web no encontrado
[2020-01-20 13:19:48]WARNING[Class: util.file.GestorFicherosXML][Exception: NullPointerException] Tag tourismemail no encontrado
[2020-01-20 13:19:48]WARNING[Class: util.file.GestorFicherosXML][Exception: NullPointerException] Tag tourismemail no encontrado
[2020-01-20 13:19:48]WARNING[Class: util.file.GestorFicherosXML][Exception: NullPointerException] Tag tourismemail no encontrado
[2020-01-20 13:19:48]WARNING[Class: util.file.GestorFicherosXML][Exception: NullPointerException] Tag phone no encontrado
[2020-01-20 13:19:48]WARNING[Class: util.file.GestorFicherosXML][Exception: NullPointerException] Tag tourismemail no encontrado
[2020-01-20 13:19:48]WARNING[Class: util.file.GestorFicherosXML][Exception: NullPointerException] Tag phone no encontrado
[2020-01-20 13:19:48]WARNING[Class: util.file.GestorFicherosXML][Exception: NullPointerException] Tag phone no encontrado
[2020-01-20 13:19:48]WARNING[Class: util.file.GestorFicherosXML][Exception: NullPointerException] Tag web no encontrado
[2020-01-20 13:19:48]WARNING[Class: util.file.GestorFicherosXML][Exception: NullPointerException] Tag web no encontrado
[2020-01-20 13:19:48]WARNING[Class: util.file.GestorFicherosXML][Exception: NullPointerException] Tag web no encontrado
[2020-01-20 13:19:48]WARNING[Class: util.file.GestorFicherosXML][Exception: NullPointerException] Tag latwgs84 no encontrado
[2020-01-20 13:19:48]WARNING[Class: util.file.GestorFicherosXML][Exception: NullPointerException] Tag lonwgs84 no encontrado
[2020-01-20 13:19:48]WARNING[Class: util.file.GestorFicherosXML][Exception: NullPointerException] Tag latwgs84 no encontrado
[2020-01-20 13:19:48]WARNING[Class: util.file.GestorFicherosXML][Exception: NullPointerException] Tag lonwgs84 no encontrado
[2020-01-20 13:19:48]WARNING[Class: util.file.GestorFicherosXML][Exception: NullPointerException] Tag latwgs84 no encontrado
[2020-01-20 13:19:48]WARNING[Class: util.file.GestorFicherosXML][Exception: NullPointerException] Tag lonwgs84 no encontrado
[2020-01-20 13:19:48]WARNING[Class: util.file.GestorFicherosXML][Exception: NullPointerException] Tag web no encontrado
[2020-01-20 13:19:48]WARNING[Class: util.file.GestorFicherosXML][Exception: NullPointerException] Tag tourismemail no encontrado
[2020-01-20 13:19:48]WARNING[Class: util.file.GestorFicherosXML][Exception: NullPointerException] Tag phone no encontrado
[2020-01-20 13:19:48]WARNING[Class: util.file.GestorFicherosXML][Exception: NullPointerException] Tag latwgs84 no encontrado
[2020-01-20 13:19:48]WARNING[Class: util.file.GestorFicherosXML][Exception: NullPointerException] Tag lonwgs84 no encontrado
[2020-01-20 13:19:48]WARNING[Class: util.file.GestorFicherosXML][Exception: NullPointerException] Tag web no encontrado
[2020-01-20 13:19:48]WARNING[Class: util.file.GestorFicherosXML][Exception: NullPointerException] Tag tourismemail no encontrado
[2020-01-20 13:19:48]WARNING[Class: util.file.GestorFicherosXML][Exception: NullPointerException] Tag tourismemail no encontrado
[2020-01-20 13:19:48]WARNING[Class: util.file.GestorFicherosXML][Exception: NullPointerException] Tag latwgs84 no encontrado
[2020-01-20 13:19:48]WARNING[Class: util.file.GestorFicherosXML][Exception: NullPointerException] Tag lonwgs84 no encontrado
[2020-01-20 13:19:48]WARNING[Class: util.file.GestorFicherosXML][Exception: NullPointerException] Tag phone no encontrado
[2020-01-20 13:19:48]WARNING[Class: util.file.GestorFicherosXML][Exception: NullPointerException] Tag tourismemail no encontrado
[2020-01-20 13:19:48]WARNING[Class: util.file.GestorFicherosXML][Exception: NullPointerException] Tag tourismemail no encontrado
[2020-01-20 13:19:48]WARNING[Class: util.file.GestorFicherosXML][Exception: NullPointerException] Tag web no encontrado
[2020-01-20 13:19:48]WARNING[Class: util.file.GestorFicherosXML][Exception: NullPointerException] Tag phone no encontrado
[2020-01-20 13:19:48]WARNING[Class: util.file.GestorFicherosXML][Exception: NullPointerException] Tag web no encontrado
[2020-01-20 13:19:48]WARNING[Class: util.file.GestorFicherosXML][Exception: NullPointerException] Tag phone no encontrado
[2020-01-20 13:19:48]WARNING[Class: util.file.GestorFicherosXML][Exception: NullPointerException] Tag phone no encontrado
[2020-01-20 13:19:48]WARNING[Class: util.file.GestorFicherosXML][Exception: NullPointerException] Tag phone no encontrado
[2020-01-20 13:19:48]WARNING[Class: util.file.GestorFicherosXML][Exception: NullPointerException] Tag web no encontrado
[2020-01-20 13:19:48]WARNING[Class: util.file.GestorFicherosXML][Exception: NullPointerException] Tag phone no encontrado
[2020-01-20 13:19:48]WARNING[Class: util.file.GestorFicherosXML][Exception: NullPointerException] Tag latwgs84 no encontrado
[2020-01-20 13:19:48]WARNING[Class: util.file.GestorFicherosXML][Exception: NullPointerException] Tag lonwgs84 no encontrado
[2020-01-20 13:19:48]WARNING[Class: util.file.GestorFicherosXML][Exception: NullPointerException] Tag web no encontrado
[2020-01-20 13:19:48]WARNING[Class: util.file.GestorFicherosXML][Exception: NullPointerException] Tag latwgs84 no encontrado
[2020-01-20 13:19:48]WARNING[Class: util.file.GestorFicherosXML][Exception: NullPointerException] Tag lonwgs84 no encontrado
[2020-01-20 13:19:48]WARNING[Class: util.file.GestorFicherosXML][Exception: NullPointerException] Tag web no encontrado
[2020-01-20 13:19:48]WARNING[Class: util.file.GestorFicherosXML][Exception: NullPointerException] Tag web no encontrado
[2020-01-20 13:19:48]WARNING[Class: util.file.GestorFicherosXML][Exception: NullPointerException] Tag phone no encontrado
[2020-01-20 13:19:48]WARNING[Class: util.file.GestorFicherosXML][Exception: NullPointerException] Tag tourismemail no encontrado
[2020-01-20 13:19:48]WARNING[Class: util.file.GestorFicherosXML][Exception: NullPointerException] Tag web no encontrado
[2020-01-20 13:19:48]WARNING[Class: util.file.GestorFicherosXML][Exception: NullPointerException] Tag web no encontrado
[2020-01-20 13:19:48]WARNING[Class: util.file.GestorFicherosXML][Exception: NullPointerException] Tag phone no encontrado
[2020-01-20 13:19:48]WARNING[Class: util.file.GestorFicherosXML][Exception: NullPointerException] Tag web no encontrado
[2020-01-20 13:19:48]WARNING[Class: util.file.GestorFicherosXML][Exception: NullPointerException] Tag web no encontrado
[2020-01-20 13:19:48]WARNING[Class: util.file.GestorFicherosXML][Exception: NullPointerException] Tag web no encontrado
[2020-01-20 13:19:48]WARNING[Class: util.file.GestorFicherosXML][Exception: NullPointerException] Tag web no encontrado
[2020-01-20 13:19:48]WARNING[Class: util.file.GestorFicherosXML][Exception: NullPointerException] Tag web no encontrado
[2020-01-20 13:19:48]WARNING[Class: util.file.GestorFicherosXML][Exception: NullPointerException] Tag tourismemail no encontrado
[2020-01-20 13:19:48]WARNING[Class: util.file.GestorFicherosXML][Exception: NullPointerException] Tag tourismemail no encontrado
[2020-01-20 13:19:48]WARNING[Class: util.file.GestorFicherosXML][Exception: NullPointerException] Tag web no encontrado
[2020-01-20 13:19:48]WARNING[Class: util.file.GestorFicherosXML][Exception: NullPointerException] Tag phone no encontrado
[2020-01-20 13:19:48]WARNING[Class: util.file.GestorFicherosXML][Exception: NullPointerException] Tag latwgs84 no encontrado
[2020-01-20 13:19:48]WARNING[Class: util.file.GestorFicherosXML][Exception: NullPointerException] Tag lonwgs84 no encontrado
[2020-01-20 13:19:48]WARNING[Class: util.file.GestorFicherosXML][Exception: NullPointerException] Tag tourismemail no encontrado
[2020-01-20 13:19:48]WARNING[Class: util.file.GestorFicherosXML][Exception: NullPointerException] Tag web no encontrado
[2020-01-20 13:19:48]WARNING[Class: util.file.GestorFicherosXML][Exception: NullPointerException] Tag phone no encontrado
[2020-01-20 13:19:48]WARNING[Class: util.file.GestorFicherosXML][Exception: NullPointerException] Tag tourismemail no encontrado
[2020-01-20 13:19:48]WARNING[Class: util.file.GestorFicherosXML][Exception: NullPointerException] Tag web no encontrado
[2020-01-20 13:19:48]WARNING[Class: util.file.GestorFicherosXML][Exception: NullPointerException] Tag web no encontrado
[2020-01-20 13:19:48]WARNING[Class: util.file.GestorFicherosXML][Exception: NullPointerException] Tag web no encontrado
[2020-01-20 13:19:48]WARNING[Class: util.file.GestorFicherosXML][Exception: NullPointerException] Tag tourismemail no encontrado
[2020-01-20 13:19:48]WARNING[Class: util.file.GestorFicherosXML][Exception: NullPointerException] Tag web no encontrado
[2020-01-20 13:19:48]WARNING[Class: util.file.GestorFicherosXML][Exception: NullPointerException] Tag phone no encontrado
[2020-01-20 13:19:48]WARNING[Class: util.file.GestorFicherosXML][Exception: NullPointerException] Tag phone no encontrado
[2020-01-20 13:19:48]WARNING[Class: util.file.GestorFicherosXML][Exception: NullPointerException] Tag latwgs84 no encontrado
[2020-01-20 13:19:48]WARNING[Class: util.file.GestorFicherosXML][Exception: NullPointerException] Tag lonwgs84 no encontrado
[2020-01-20 13:19:48]WARNING[Class: util.file.GestorFicherosXML][Exception: NullPointerException] Tag latwgs84 no encontrado
[2020-01-20 13:19:48]WARNING[Class: util.file.GestorFicherosXML][Exception: NullPointerException] Tag lonwgs84 no encontrado
[2020-01-20 13:19:48]WARNING[Class: util.file.GestorFicherosXML][Exception: NullPointerException] Tag address no encontrado
[2020-01-20 13:19:48]WARNING[Class: util.file.GestorFicherosXML][Exception: NullPointerException] Tag latwgs84 no encontrado
[2020-01-20 13:19:48]WARNING[Class: util.file.GestorFicherosXML][Exception: NullPointerException] Tag lonwgs84 no encontrado
[2020-01-20 13:19:48]WARNING[Class: util.file.GestorFicherosXML][Exception: NullPointerException] Tag phone no encontrado
[2020-01-20 13:19:48]WARNING[Class: util.file.GestorFicherosXML][Exception: NullPointerException] Tag phone no encontrado
[2020-01-20 13:19:48]WARNING[Class: util.file.GestorFicherosXML][Exception: NullPointerException] Tag phone no encontrado
[2020-01-20 13:19:48]WARNING[Class: util.file.GestorFicherosXML][Exception: NullPointerException] Tag tourismemail no encontrado
[2020-01-20 13:19:48]WARNING[Class: util.file.GestorFicherosXML][Exception: NullPointerException] Tag web no encontrado
[2020-01-20 13:19:48]WARNING[Class: util.file.GestorFicherosXML][Exception: NullPointerException] Tag phone no encontrado
[2020-01-20 13:19:48]WARNING[Class: util.file.GestorFicherosXML][Exception: NullPointerException] Tag web no encontrado
[2020-01-20 13:19:48]WARNING[Class: util.file.GestorFicherosXML][Exception: NullPointerException] Tag web no encontrado
[2020-01-20 13:19:48]WARNING[Class: util.file.GestorFicherosXML][Exception: NullPointerException] Tag tourismemail no encontrado
[2020-01-20 13:19:48]WARNING[Class: util.file.GestorFicherosXML][Exception: NullPointerException] Tag tourismemail no encontrado
[2020-01-20 13:19:48]WARNING[Class: util.file.GestorFicherosXML][Exception: NullPointerException] Tag web no encontrado
[2020-01-20 13:19:48]WARNING[Class: util.file.GestorFicherosXML][Exception: NullPointerException] Tag web no encontrado
[2020-01-20 13:19:48]WARNING[Class: util.file.GestorFicherosXML][Exception: NullPointerException] Tag web no encontrado
[2020-01-20 13:19:48]WARNING[Class: util.file.GestorFicherosXML][Exception: NullPointerException] Tag latwgs84 no encontrado
[2020-01-20 13:19:48]WARNING[Class: util.file.GestorFicherosXML][Exception: NullPointerException] Tag lonwgs84 no encontrado
[2020-01-20 13:19:48]WARNING[Class: util.file.GestorFicherosXML][Exception: NullPointerException] Tag phone no encontrado
[2020-01-20 13:19:48]WARNING[Class: util.file.GestorFicherosXML][Exception: NullPointerException] Tag tourismemail no encontrado
[2020-01-20 13:19:48]WARNING[Class: util.file.GestorFicherosXML][Exception: NullPointerException] Tag web no encontrado
[2020-01-20 13:19:48]WARNING[Class: util.file.GestorFicherosXML][Exception: NullPointerException] Tag web no encontrado
[2020-01-20 13:19:48]WARNING[Class: util.file.GestorFicherosXML][Exception: NullPointerException] Tag tourismemail no encontrado
[2020-01-20 13:19:48]WARNING[Class: util.file.GestorFicherosXML][Exception: NullPointerException] Tag tourismemail no encontrado
[2020-01-20 13:19:48]WARNING[Class: util.file.GestorFicherosXML][Exception: NullPointerException] Tag web no encontrado
[2020-01-20 13:19:48]WARNING[Class: util.file.GestorFicherosXML][Exception: NullPointerException] Tag web no encontrado
[2020-01-20 13:19:48]WARNING[Class: util.file.GestorFicherosXML][Exception: NullPointerException] Tag phone no encontrado
[2020-01-20 13:19:48]WARNING[Class: util.file.GestorFicherosXML][Exception: NullPointerException] Tag tourismemail no encontrado
[2020-01-20 13:19:48]WARNING[Class: util.file.GestorFicherosXML][Exception: NullPointerException] Tag web no encontrado
[2020-01-20 13:19:48]WARNING[Class: util.file.GestorFicherosXML][Exception: NullPointerException] Tag web no encontrado
[2020-01-20 13:19:48]WARNING[Class: util.file.GestorFicherosXML][Exception: NullPointerException] Tag latwgs84 no encontrado
[2020-01-20 13:19:48]WARNING[Class: util.file.GestorFicherosXML][Exception: NullPointerException] Tag lonwgs84 no encontrado
[2020-01-20 13:19:48]WARNING[Class: util.file.GestorFicherosXML][Exception: NullPointerException] Tag phone no encontrado
[2020-01-20 13:19:48]WARNING[Class: util.file.GestorFicherosXML][Exception: NullPointerException] Tag latwgs84 no encontrado
[2020-01-20 13:19:48]WARNING[Class: util.file.GestorFicherosXML][Exception: NullPointerException] Tag lonwgs84 no encontrado
[2020-01-20 13:19:48]WARNING[Class: util.file.GestorFicherosXML][Exception: NullPointerException] Tag tourismemail no encontrado
[2020-01-20 13:19:48]WARNING[Class: util.file.GestorFicherosXML][Exception: NullPointerException] Tag web no encontrado
[2020-01-20 13:19:48]WARNING[Class: util.file.GestorFicherosXML][Exception: NullPointerException] Tag phone no encontrado
[2020-01-20 13:19:48]WARNING[Class: util.file.GestorFicherosXML][Exception: NullPointerException] Tag tourismemail no encontrado
[2020-01-20 13:19:48]WARNING[Class: util.file.GestorFicherosXML][Exception: NullPointerException] Tag latwgs84 no encontrado
[2020-01-20 13:19:48]WARNING[Class: util.file.GestorFicherosXML][Exception: NullPointerException] Tag lonwgs84 no encontrado
[2020-01-20 13:19:48]WARNING[Class: util.file.GestorFicherosXML][Exception: NullPointerException] Tag tourismemail no encontrado
[2020-01-20 13:19:48]WARNING[Class: util.file.GestorFicherosXML][Exception: NullPointerException] Tag phone no encontrado
[2020-01-20 13:19:48]WARNING[Class: util.file.GestorFicherosXML][Exception: NullPointerException] Tag web no encontrado
[2020-01-20 13:19:48]WARNING[Class: util.file.GestorFicherosXML][Exception: NullPointerException] Tag latwgs84 no encontrado
[2020-01-20 13:19:48]WARNING[Class: util.file.GestorFicherosXML][Exception: NullPointerException] Tag lonwgs84 no encontrado
[2020-01-20 13:19:48]WARNING[Class: util.file.GestorFicherosXML][Exception: NullPointerException] Tag tourismemail no encontrado
[2020-01-20 13:19:48]WARNING[Class: util.file.GestorFicherosXML][Exception: NullPointerException] Tag web no encontrado
[2020-01-20 13:19:48]WARNING[Class: util.file.GestorFicherosXML][Exception: NullPointerException] Tag latwgs84 no encontrado
[2020-01-20 13:19:48]WARNING[Class: util.file.GestorFicherosXML][Exception: NullPointerException] Tag lonwgs84 no encontrado
[2020-01-20 13:19:48]WARNING[Class: util.file.GestorFicherosXML][Exception: NullPointerException] Tag tourismemail no encontrado
[2020-01-20 13:19:48]WARNING[Class: util.file.GestorFicherosXML][Exception: NullPointerException] Tag web no encontrado
[2020-01-20 13:19:48]WARNING[Class: util.file.GestorFicherosXML][Exception: NullPointerException] Tag web no encontrado
[2020-01-20 13:19:48]WARNING[Class: util.file.GestorFicherosXML][Exception: NullPointerException] Tag tourismemail no encontrado
[2020-01-20 13:19:48]WARNING[Class: util.file.GestorFicherosXML][Exception: NullPointerException] Tag tourismemail no encontrado
[2020-01-20 13:19:48]ERROR[Class: util.file.GestorFicherosXML][Exception: SAXParseException] Error al parsear el fichero
[2020-01-20 13:25:52]DEBUG Inicio sesion
[2020-01-20 13:25:52]INFO[Class: launcher.DataGetter] Checksums iguales. No se descargará el archivo
[2020-01-20 13:25:52]INFO[Class: launcher.DataGetter] Checksums iguales. No se descargará el archivo
[2020-01-20 13:25:52]INFO[Class: launcher.DataGetter] Checksums iguales. No se descargará el archivo
